This file contains any messages produced by compilers while
running configure, to aid debugging if configure makes a mistake.

It was created by ntfs-3g configure 2012.1.15, which was
generated by GNU Autoconf 2.61.  Invocation command line was

  $ ./configure 

## --------- ##
## Platform. ##
## --------- ##

hostname = uto-atechols-1
uname -m = x86_64
uname -r = 3.5.0-21-generic
uname -s = Linux
uname -v = #32-Ubuntu SMP Tue Dec 11 18:51:59 UTC 2012

/usr/bin/uname -p = unknown
/bin/uname -X     = unknown

/bin/arch              = unknown
/usr/bin/arch -k       = unknown
/usr/convex/getsysinfo = unknown
/usr/bin/hostinfo      = unknown
/bin/machine           = unknown
/usr/bin/oslevel       = unknown
/bin/universe          = unknown

PATH: /usr/lib/lightdm/lightdm
PATH: /usr/local/sbin
PATH: /usr/local/bin
PATH: /usr/sbin
PATH: /usr/bin
PATH: /sbin
PATH: /bin
PATH: /usr/games
PATH: /usr/local/games
PATH: /opt/android-sdk/platforms
PATH: /opt/android-sdk/tools
PATH: /opt/android-sdk/platform-tools
PATH: /home/atechols/bin
PATH: /home/atechols/android/cm10.1/prebuilts/gcc/linux-x86/arm/arm-eabi-4.6/bin
PATH: /opt/android-sdk/platforms
PATH: /opt/android-sdk/tools
PATH: /opt/android-sdk/platform-tools
PATH: /home/atechols/bin
PATH: /home/atechols/android/cm10.1/prebuilts/gcc/linux-x86/arm/arm-eabi-4.6/bin


## ----------- ##
## Core tests. ##
## ----------- ##

configure:2082: checking build system type
configure:2100: result: x86_64-unknown-linux-gnu
configure:2122: checking host system type
configure:2137: result: x86_64-unknown-linux-gnu
configure:2159: checking target system type
configure:2174: result: x86_64-unknown-linux-gnu
configure:2219: checking for a BSD-compatible install
configure:2275: result: /usr/bin/install -c
configure:2286: checking whether build environment is sane
configure:2329: result: yes
configure:2357: checking for a thread-safe mkdir -p
configure:2396: result: /bin/mkdir -p
configure:2409: checking for gawk
configure:2439: result: no
configure:2409: checking for mawk
configure:2425: found /usr/bin/mawk
configure:2436: result: mawk
configure:2447: checking whether make sets $(MAKE)
configure:2468: result: yes
configure:2659: checking whether to enable maintainer-specific portions of Makefiles
configure:2668: result: no
configure:2909: checking for gcc
configure:2925: found /usr/bin/gcc
configure:2936: result: gcc
configure:2972: checking for C compiler version
configure:2979: gcc --version >&5
gcc (Ubuntu/Linaro 4.7.2-2ubuntu1) 4.7.2
Copyright (C) 2012 Free Software Foundation, Inc.
This is free software; see the source for copying conditions.  There is NO
warranty; not even for MERCHANTABILITY or FITNESS FOR A PARTICULAR PURPOSE.

configure:2982: $? = 0
configure:2989: gcc -v >&5
Using built-in specs.
COLLECT_GCC=gcc
COLLECT_LTO_WRAPPER=/usr/lib/gcc/x86_64-linux-gnu/4.7/lto-wrapper
Target: x86_64-linux-gnu
Configured with: ../src/configure -v --with-pkgversion='Ubuntu/Linaro 4.7.2-2ubuntu1' --with-bugurl=file:///usr/share/doc/gcc-4.7/README.Bugs --enable-languages=c,c++,go,fortran,objc,obj-c++ --prefix=/usr --program-suffix=-4.7 --enable-shared --enable-linker-build-id --with-system-zlib --libexecdir=/usr/lib --without-included-gettext --enable-threads=posix --with-gxx-include-dir=/usr/include/c++/4.7 --libdir=/usr/lib --enable-nls --with-sysroot=/ --enable-clocale=gnu --enable-libstdcxx-debug --enable-libstdcxx-time=yes --enable-gnu-unique-object --enable-plugin --enable-objc-gc --disable-werror --with-arch-32=i686 --with-tune=generic --enable-checking=release --build=x86_64-linux-gnu --host=x86_64-linux-gnu --target=x86_64-linux-gnu
Thread model: posix
gcc version 4.7.2 (Ubuntu/Linaro 4.7.2-2ubuntu1) 
configure:2992: $? = 0
configure:2999: gcc -V >&5
gcc: error: unrecognized command line option '-V'
gcc: fatal error: no input files
compilation terminated.
configure:3002: $? = 4
configure:3025: checking for C compiler default output file name
configure:3052: gcc    conftest.c  >&5
configure:3055: $? = 0
configure:3093: result: a.out
configure:3110: checking whether the C compiler works
configure:3120: ./a.out
configure:3123: $? = 0
configure:3140: result: yes
configure:3147: checking whether we are cross compiling
configure:3149: result: no
configure:3152: checking for suffix of executables
configure:3159: gcc -o conftest    conftest.c  >&5
configure:3162: $? = 0
configure:3186: result: 
configure:3192: checking for suffix of object files
configure:3218: gcc -c   conftest.c >&5
configure:3221: $? = 0
configure:3244: result: o
configure:3248: checking whether we are using the GNU C compiler
configure:3277: gcc -c   conftest.c >&5
configure:3283: $? = 0
configure:3300: result: yes
configure:3305: checking whether gcc accepts -g
configure:3335: gcc -c -g  conftest.c >&5
configure:3341: $? = 0
configure:3440: result: yes
configure:3457: checking for gcc option to accept ISO C89
configure:3531: gcc  -c -g -O2  conftest.c >&5

## ---------------- ##
## Cache variables. ##
## ---------------- ##

ac_cv_build=x86_64-unknown-linux-gnu
ac_cv_c_compiler_gnu=yes
ac_cv_env_CCC_set=
ac_cv_env_CCC_value=
ac_cv_env_CC_set=
ac_cv_env_CC_value=
ac_cv_env_CFLAGS_set=
ac_cv_env_CFLAGS_value=
ac_cv_env_CPPFLAGS_set=
ac_cv_env_CPPFLAGS_value=
ac_cv_env_CPP_set=
ac_cv_env_CPP_value=
ac_cv_env_CXXCPP_set=
ac_cv_env_CXXCPP_value=
ac_cv_env_CXXFLAGS_set=
ac_cv_env_CXXFLAGS_value=
ac_cv_env_CXX_set=
ac_cv_env_CXX_value=
ac_cv_env_F77_set=
ac_cv_env_F77_value=
ac_cv_env_FFLAGS_set=
ac_cv_env_FFLAGS_value=
ac_cv_env_FUSE_MODULE_CFLAGS_set=
ac_cv_env_FUSE_MODULE_CFLAGS_value=
ac_cv_env_FUSE_MODULE_LIBS_set=
ac_cv_env_FUSE_MODULE_LIBS_value=
ac_cv_env_GNUTLS_CFLAGS_set=
ac_cv_env_GNUTLS_CFLAGS_value=
ac_cv_env_GNUTLS_LIBS_set=
ac_cv_env_GNUTLS_LIBS_value=
ac_cv_env_LDCONFIG_set=
ac_cv_env_LDCONFIG_value=
ac_cv_env_LDFLAGS_set=
ac_cv_env_LDFLAGS_value=
ac_cv_env_LIBS_set=
ac_cv_env_LIBS_value=
ac_cv_env_PKG_CONFIG_set=
ac_cv_env_PKG_CONFIG_value=
ac_cv_env_build_alias_set=
ac_cv_env_build_alias_value=
ac_cv_env_host_alias_set=
ac_cv_env_host_alias_value=
ac_cv_env_target_alias_set=
ac_cv_env_target_alias_value=
ac_cv_host=x86_64-unknown-linux-gnu
ac_cv_objext=o
ac_cv_path_install='/usr/bin/install -c'
ac_cv_path_mkdir=/bin/mkdir
ac_cv_prog_AWK=mawk
ac_cv_prog_ac_ct_CC=gcc
ac_cv_prog_cc_c89=no
ac_cv_prog_cc_g=yes
ac_cv_prog_make_make_set=yes
ac_cv_target=x86_64-unknown-linux-gnu

## ----------------- ##
## Output variables. ##
## ----------------- ##

ACLOCAL='${SHELL} /home/atechols/android/cm10.1/device/asus/tf700t/ntfs-3g/missing --run aclocal-1.10'
AMDEPBACKSLASH=''
AMDEP_FALSE=''
AMDEP_TRUE=''
AMTAR='${SHELL} /home/atechols/android/cm10.1/device/asus/tf700t/ntfs-3g/missing --run tar'
AR=''
AUTOCONF='${SHELL} /home/atechols/android/cm10.1/device/asus/tf700t/ntfs-3g/missing --run autoconf'
AUTOHEADER='${SHELL} /home/atechols/android/cm10.1/device/asus/tf700t/ntfs-3g/missing --run autoheader'
AUTOMAKE='${SHELL} /home/atechols/android/cm10.1/device/asus/tf700t/ntfs-3g/missing --run automake-1.10'
AWK='mawk'
CC='gcc '
CCDEPMODE=''
CFLAGS='-g -O2'
CPP=''
CPPFLAGS=''
CXX=''
CXXCPP=''
CXXDEPMODE=''
CXXFLAGS=''
CYGPATH_W='echo'
DEFS=''
DEPDIR=''
DSYMUTIL=''
ECHO='echo'
ECHO_C=''
ECHO_N='-n'
ECHO_T=''
EGREP=''
ENABLE_CRYPTO_FALSE=''
ENABLE_CRYPTO_TRUE=''
ENABLE_EXTRAS_FALSE=''
ENABLE_EXTRAS_TRUE=''
ENABLE_MOUNT_HELPER_FALSE=''
ENABLE_MOUNT_HELPER_TRUE=''
ENABLE_NTFSPROGS_FALSE=''
ENABLE_NTFSPROGS_TRUE=''
ENABLE_NTFS_3G_FALSE=''
ENABLE_NTFS_3G_TRUE=''
EXEEXT=''
F77=''
FFLAGS=''
FUSE_INTERNAL_FALSE=''
FUSE_INTERNAL_TRUE=''
FUSE_MODULE_CFLAGS=''
FUSE_MODULE_LIBS=''
GENERATE_LDSCRIPT_FALSE=''
GENERATE_LDSCRIPT_TRUE=''
GNUTLS_CFLAGS=''
GNUTLS_LIBS=''
GREP=''
INSTALL_DATA='${INSTALL} -m 644'
INSTALL_LIBRARY_FALSE=''
INSTALL_LIBRARY_TRUE=''
INSTALL_PROGRAM='${INSTALL}'
INSTALL_SCRIPT='${INSTALL}'
INSTALL_STRIP_PROGRAM='$(install_sh) -c -s'
LDCONFIG=''
LDFLAGS=''
LIBFUSE_LITE_LIBS=''
LIBGCRYPT_CFLAGS=''
LIBGCRYPT_CONFIG=''
LIBGCRYPT_LIBS=''
LIBNTFS_3G_VERSION='83'
LIBOBJS=''
LIBS=''
LIBTOOL=''
LN_S=''
LTLIBOBJS=''
MAINT='#'
MAINTAINER_MODE_FALSE=''
MAINTAINER_MODE_TRUE='#'
MAKEINFO='${SHELL} /home/atechols/android/cm10.1/device/asus/tf700t/ntfs-3g/missing --run makeinfo'
MKDIR_P='/bin/mkdir -p'
MKNTFS_CPPFLAGS=''
MKNTFS_LIBS=''
MV=''
NMEDIT=''
NTFS_DEVICE_DEFAULT_IO_OPS_FALSE=''
NTFS_DEVICE_DEFAULT_IO_OPS_TRUE=''
OBJEXT='o'
OUTPUT_FORMAT=''
PACKAGE='ntfs-3g'
PACKAGE_BUGREPORT='ntfs-3g-devel@lists.sf.net'
PACKAGE_NAME='ntfs-3g'
PACKAGE_STRING='ntfs-3g 2012.1.15'
PACKAGE_TARNAME='ntfs-3g'
PACKAGE_VERSION='2012.1.15'
PATH_SEPARATOR=':'
PKG_CONFIG=''
RANLIB=''
REALLYSTATIC_FALSE=''
REALLYSTATIC_TRUE=''
RM=''
RUN_LDCONFIG_FALSE=''
RUN_LDCONFIG_TRUE=''
SED=''
SET_MAKE=''
SHELL='/bin/bash'
STRIP=''
VERSION='2012.1.15'
WINDOWS_FALSE=''
WINDOWS_TRUE=''
ac_ct_CC='gcc'
ac_ct_CXX=''
ac_ct_F77=''
all_includes=''
all_libraries=''
am__fastdepCC_FALSE=''
am__fastdepCC_TRUE=''
am__fastdepCXX_FALSE=''
am__fastdepCXX_TRUE=''
am__include=''
am__isrc=''
am__leading_dot='.'
am__quote=''
am__tar='${AMTAR} chof - "$$tardir"'
am__untar='${AMTAR} xf -'
bindir='${exec_prefix}/bin'
build='x86_64-unknown-linux-gnu'
build_alias=''
build_cpu='x86_64'
build_os='linux-gnu'
build_vendor='unknown'
datadir='${datarootdir}'
datarootdir='${prefix}/share'
docdir='${datarootdir}/doc/${PACKAGE_TARNAME}'
dvidir='${docdir}'
exec_prefix='NONE'
host='x86_64-unknown-linux-gnu'
host_alias=''
host_cpu='x86_64'
host_os='linux-gnu'
host_vendor='unknown'
htmldir='${docdir}'
includedir='${prefix}/include'
infodir='${datarootdir}/info'
install_sh='$(SHELL) /home/atechols/android/cm10.1/device/asus/tf700t/ntfs-3g/install-sh'
libdir='${exec_prefix}/lib'
libexecdir='${exec_prefix}/libexec'
localedir='${datarootdir}/locale'
localstatedir='${prefix}/var'
mandir='${datarootdir}/man'
mkdir_p='/bin/mkdir -p'
ntfs3gincludedir=''
oldincludedir='/usr/include'
pdfdir='${docdir}'
pkgconfigdir=''
prefix='NONE'
program_transform_name='s,x,x,'
psdir='${docdir}'
rootbindir=''
rootlibdir=''
rootsbindir=''
sbindir='${exec_prefix}/sbin'
sharedstatedir='${prefix}/com'
sysconfdir='${prefix}/etc'
target='x86_64-unknown-linux-gnu'
target_alias=''
target_cpu='x86_64'
target_os='linux-gnu'
target_vendor='unknown'

## ----------- ##
## confdefs.h. ##
## ----------- ##

#define PACKAGE_NAME "ntfs-3g"
#define PACKAGE_TARNAME "ntfs-3g"
#define PACKAGE_VERSION "2012.1.15"
#define PACKAGE_STRING "ntfs-3g 2012.1.15"
#define PACKAGE_BUGREPORT "ntfs-3g-devel@lists.sf.net"
#define PACKAGE "ntfs-3g"
#define VERSION "2012.1.15"
#define _GNU_SOURCE 1

configure: caught signal 2
configure: exit 1
